{
  "RSpec": {
    "coverage": {
      "/home/andela/Documents/workspace/simulation/projects/matflights/spec/controllers/bookings_controller_spec.rb": [
        1,
        null,
        1,
        1,
        1,
        1,
        1,
        1,
        null,
        null,
        null,
        null,
        null,
        null,
        null,
        null,
        null,
        null,
        null,
        null,
        null,
        null,
        null,
        null,
        null,
        null,
        null,
        null,
        null,
        null,
        null,
        null,
        null,
        null,
        null,
        null,
        null,
        null,
        null,
        null,
        null,
        null,
        null,
        null,
        null,
        null,
        null,
        null,
        null,
        null,
        null,
        null,
        null,
        null,
        null,
        null,
        null,
        null,
        null,
        null,
        null
      ],
      "/home/andela/Documents/workspace/simulation/projects/matflights/spec/rails_helper.rb": [
        null,
        1,
        1,
        null,
        1,
        1,
        1,
        1,
        1,
        null,
        null,
        1,
        1,
        1,
        null,
        1,
        775,
        null,
        null,
        1,
        null,
        null,
        null,
        null,
        null,
        null,
        null,
        null,
        null,
        null,
        null,
        null,
        null,
        null,
        3,
        null,
        null,
        null,
        1,
        null,
        1,
        null,
        1,
        1,
        null,
        null,
        null,
        1,
        null,
        null,
        null,
        null,
        null,
        null,
        null,
        null,
        null,
        null,
        null,
        null,
        null,
        null,
        1,
        null
      ],
      "/home/andela/Documents/workspace/simulation/projects/matflights/config/environment.rb": [
        null,
        1,
        null,
        null,
        1
      ],
      "/home/andela/Documents/workspace/simulation/projects/matflights/config/application.rb": [
        1,
        null,
        1,
        null,
        1,
        1,
        1,
        1,
        1,
        1,
        1,
        null,
        null,
        null,
        null,
        1,
        null,
        1,
        1,
        null,
        null,
        null,
        null,
        null,
        null,
        null,
        null,
        null,
        null,
        null,
        null,
        null,
        1,
        1,
        null,
        null
      ],
      "/home/andela/Documents/workspace/simulation/projects/matflights/config/boot.rb": [
        1,
        null,
        1
      ],
      "/home/andela/Documents/workspace/simulation/projects/matflights/config/environments/test.rb": [
        1,
        null,
        null,
        null,
        null,
        null,
        null,
        1,
        null,
        null,
        null,
        null,
        1,
        null,
        null,
        1,
        1,
        null,
        null,
        1,
        1,
        null,
        null,
        1,
        null,
        null,
        1,
        null,
        null,
        null,
        null,
        1,
        null,
        null,
        1,
        null,
        null,
        1,
        null,
        null,
        null,
        null
      ],
      "/home/andela/Documents/workspace/simulation/projects/matflights/config/initializers/assets.rb": [
        null,
        null,
        null,
        1,
        null,
        null,
        null,
        null,
        null,
        null,
        null
      ],
      "/home/andela/Documents/workspace/simulation/projects/matflights/config/initializers/backtrace_silencers.rb": [
        null,
        null,
        null,
        null,
        null,
        null,
        null
      ],
      "/home/andela/Documents/workspace/simulation/projects/matflights/config/initializers/cookies_serializer.rb": [
        null,
        null,
        1
      ],
      "/home/andela/Documents/workspace/simulation/projects/matflights/config/initializers/filter_parameter_logging.rb": [
        null,
        null,
        null,
        1
      ],
      "/home/andela/Documents/workspace/simulation/projects/matflights/config/initializers/inflections.rb": [
        null,
        null,
        null,
        null,
        null,
        null,
        null,
        null,
        null,
        null,
        null,
        null,
        null,
        null,
        null,
        null
      ],
      "/home/andela/Documents/workspace/simulation/projects/matflights/config/initializers/mime_types.rb": [
        null,
        null,
        null,
        null
      ],
      "/home/andela/Documents/workspace/simulation/projects/matflights/config/initializers/omniauth.rb": [
        1,
        1,
        null,
        null,
        null,
        null,
        null,
        null,
        1,
        null
      ],
      "/home/andela/Documents/workspace/simulation/projects/matflights/config/initializers/session_store.rb": [
        null,
        null,
        1
      ],
      "/home/andela/Documents/workspace/simulation/projects/matflights/config/initializers/sidekiq.rb": [
        1,
        0,
        null,
        null,
        1,
        1,
        null
      ],
      "/home/andela/Documents/workspace/simulation/projects/matflights/config/initializers/utility.rb": [
        1,
        0,
        null
      ],
      "/home/andela/Documents/workspace/simulation/projects/matflights/config/initializers/wrap_parameters.rb": [
        null,
        null,
        null,
        null,
        null,
        null,
        1,
        1,
        null,
        null,
        null,
        null,
        null,
        null
      ],
      "/home/andela/Documents/workspace/simulation/projects/matflights/config/routes.rb": [
        1,
        1,
        null,
        1,
        1,
        null,
        1,
        1,
        null,
        1,
        1,
        1,
        1,
        1,
        1,
        1,
        1,
        1,
        null,
        null
      ],
      "/home/andela/Documents/workspace/simulation/projects/matflights/app/helpers/bookings_helper.rb": [
        1,
        null,
        1,
        1,
        1,
        1,
        null,
        0,
        null,
        null,
        null,
        1,
        null,
        8,
        null,
        null,
        null,
        null,
        null,
        null,
        null,
        null,
        null,
        null,
        null,
        1,
        1,
        1,
        null,
        null,
        null,
        null,
        null,
        null,
        null,
        null,
        null,
        1,
        null,
        null,
        1,
        2,
        2,
        2,
        2,
        1,
        1,
        1,
        1,
        0,
        null,
        null,
        null,
        1,
        2,
        1,
        null,
        1,
        null,
        null,
        null,
        1,
        2,
        2,
        2,
        null,
        null,
        null,
        null,
        2,
        2,
        null,
        null,
        1,
        1,
        1,
        null,
        0,
        null,
        null,
        null,
        null
      ],
      "/home/andela/Documents/workspace/simulation/projects/matflights/app/helpers/flights_helper.rb": [
        1,
        null,
        1,
        7,
        null,
        null,
        1,
        20,
        null,
        null,
        1,
        10,
        10,
        300,
        100,
        100,
        null,
        10,
        null,
        null,
        1,
        10,
        null,
        null,
        null,
        1,
        null,
        null,
        null,
        null,
        null,
        null,
        null,
        null,
        null,
        3,
        null,
        null,
        null
      ],
      "/home/andela/Documents/workspace/simulation/projects/matflights/spec/support/seed_db.rb": [
        1,
        null,
        1,
        null,
        1,
        null,
        null,
        null,
        null,
        null,
        null,
        null,
        6,
        null,
        1,
        null,
        null,
        null,
        null,
        null,
        null,
        null,
        null
      ],
      "/home/andela/Documents/workspace/simulation/projects/matflights/app/models/airport.rb": [
        1,
        1,
        1,
        null
      ],
      "/home/andela/Documents/workspace/simulation/projects/matflights/app/models/flight.rb": [
        1,
        null,
        1,
        null,
        1,
        1,
        null,
        1,
        1,
        null,
        1,
        6,
        3,
        null,
        3,
        null,
        null,
        null,
        1,
        3,
        null,
        null,
        1,
        4,
        2,
        2,
        1,
        null,
        null,
        null,
        1,
        4,
        4,
        2,
        null,
        2,
        null,
        null,
        null,
        null
      ],
      "/home/andela/Documents/workspace/simulation/projects/matflights/spec/support/omniauth_helper.rb": [
        1,
        0,
        null,
        null,
        1,
        0,
        null,
        null,
        1,
        0,
        null,
        null,
        null,
        null,
        null,
        null,
        null,
        null,
        null,
        null,
        null,
        null,
        null,
        null,
        null,
        null,
        null,
        null,
        null,
        null,
        null,
        null,
        null,
        null,
        null,
        null,
        null,
        null,
        null,
        null,
        null,
        null,
        null,
        null,
        null,
        null,
        null,
        null
      ],
      "/home/andela/Documents/workspace/simulation/projects/matflights/app/controllers/bookings_controller.rb": [
        1,
        1,
        null,
        1,
        1,
        null,
        1,
        1,
        1,
        1,
        1,
        1,
        null,
        null,
        1,
        2,
        2,
        2,
        2,
        null,
        2,
        null,
        null,
        1,
        2,
        2,
        2,
        2,
        1,
        null,
        1,
        null,
        null,
        null,
        1,
        null,
        null,
        1,
        3,
        1,
        1,
        1,
        1,
        1,
        null,
        2,
        null,
        null,
        null,
        1,
        0,
        0,
        0,
        0,
        0,
        null,
        0,
        null,
        0,
        null,
        null,
        1,
        1,
        1,
        1,
        1,
        0,
        0,
        null,
        1,
        1,
        1,
        1,
        null,
        null,
        null,
        1,
        null,
        1,
        11,
        2,
        2,
        2,
        null,
        null,
        null,
        null
      ],
      "/home/andela/Documents/workspace/simulation/projects/matflights/app/controllers/application_controller.rb": [
        1,
        null,
        null,
        1,
        1,
        null,
        1,
        30,
        null,
        null,
        null
      ],
      "/home/andela/Documents/workspace/simulation/projects/matflights/app/controllers/concerns/commons.rb": [
        1,
        null,
        1,
        null,
        1,
        null,
        null,
        null,
        1,
        10,
        null,
        null,
        1,
        2,
        2,
        2,
        2,
        2,
        2,
        null,
        null,
        1,
        1,
        1,
        1,
        1,
        1,
        null,
        null,
        null
      ],
      "/home/andela/Documents/workspace/simulation/projects/matflights/spec/controllers/flights_controller_spec.rb": [
        1,
        null,
        1,
        null,
        1,
        1,
        1,
        null,
        1,
        1,
        null,
        null,
        null,
        1,
        1,
        1,
        1,
        null,
        null,
        null
      ],
      "/home/andela/Documents/workspace/simulation/projects/matflights/app/controllers/flights_controller.rb": [
        1,
        null,
        1,
        null,
        1,
        2,
        null,
        null,
        null,
        null,
        null,
        null,
        1,
        1,
        1,
        0,
        0,
        null,
        1,
        null,
        null,
        null,
        1,
        2,
        2,
        2,
        2,
        2,
        1,
        null,
        1,
        1,
        null,
        null,
        null,
        1,
        null,
        1,
        6,
        null,
        null,
        null
      ],
      "/home/andela/Documents/workspace/simulation/projects/matflights/spec/controllers/pages_controller_spec.rb": [
        1,
        null,
        1,
        null,
        null,
        null,
        null,
        null,
        null,
        null,
        null,
        null
      ],
      "/home/andela/Documents/workspace/simulation/projects/matflights/app/controllers/pages_controller.rb": [
        1,
        null,
        1,
        null,
        1,
        9,
        null,
        null,
        null
      ],
      "/home/andela/Documents/workspace/simulation/projects/matflights/spec/controllers/sessions_controller_spec.rb": [
        1,
        null,
        1,
        null,
        null,
        null,
        null,
        null,
        null,
        null,
        null,
        null,
        null,
        null,
        null,
        null,
        null,
        null,
        null,
        null,
        null,
        null,
        null,
        null,
        null,
        null
      ],
      "/home/andela/Documents/workspace/simulation/projects/matflights/app/controllers/sessions_controller.rb": [
        1,
        null,
        1,
        null,
        1,
        1,
        1,
        1,
        1,
        null,
        0,
        null,
        null,
        null,
        1,
        1,
        1,
        null,
        null,
        null
      ],
      "/home/andela/Documents/workspace/simulation/projects/matflights/spec/features/flights_spec.rb": [
        1,
        null,
        1,
        1,
        4,
        4,
        null,
        1,
        1,
        1,
        1,
        null,
        null,
        1,
        1,
        1,
        1,
        null,
        null,
        null,
        1,
        1,
        null,
        1,
        1,
        1,
        1,
        1,
        null,
        null,
        null,
        null,
        null,
        null,
        null,
        null,
        null,
        null,
        null,
        null,
        1,
        1,
        null,
        1,
        1,
        null,
        null,
        null
      ],
      "/home/andela/Documents/workspace/simulation/projects/matflights/spec/features/search_login_books_spec.rb": [
        1,
        null,
        1,
        1,
        1,
        1,
        null,
        null,
        1,
        null,
        1,
        null,
        1,
        1,
        1,
        null,
        1,
        1,
        null,
        1,
        1,
        1,
        null,
        1,
        null,
        1,
        1,
        null,
        1,
        null,
        1,
        null,
        1,
        1,
        null,
        1,
        1,
        null,
        1,
        null,
        1,
        1,
        null,
        1,
        null,
        1,
        1,
        null,
        1,
        null,
        1,
        1,
        null,
        1,
        null,
        1,
        null,
        1,
        1,
        null,
        null,
        1,
        null,
        null,
        null,
        null
      ],
      "/home/andela/Documents/workspace/simulation/projects/matflights/spec/helpers/bookings_helper_spec.rb": [
        1,
        null,
        null,
        null,
        null,
        null,
        null,
        null,
        null,
        null,
        null,
        null,
        1,
        null,
        null
      ],
      "/home/andela/Documents/workspace/simulation/projects/matflights/spec/mailers/booking_mailer_spec.rb": [
        1,
        null,
        1,
        1,
        null
      ],
      "/home/andela/Documents/workspace/simulation/projects/matflights/app/mailers/booking_mailer.rb": [
        1,
        null,
        1,
        1,
        1,
        1,
        1,
        0,
        null,
        1,
        null,
        null,
        null,
        null
      ],
      "/home/andela/Documents/workspace/simulation/projects/matflights/app/mailers/application_mailer.rb": [
        1,
        1,
        1,
        null
      ],
      "/home/andela/Documents/workspace/simulation/projects/matflights/spec/mailers/update_mailer_spec.rb": [
        1,
        null,
        1,
        1,
        null
      ],
      "/home/andela/Documents/workspace/simulation/projects/matflights/app/mailers/update_mailer.rb": [
        1,
        null,
        1,
        1,
        1,
        1,
        1,
        0,
        null,
        1,
        null,
        null,
        null,
        null
      ],
      "/home/andela/Documents/workspace/simulation/projects/matflights/spec/models/airport_spec.rb": [
        1,
        null,
        1,
        null,
        null
      ],
      "/home/andela/Documents/workspace/simulation/projects/matflights/spec/models/booking_spec.rb": [
        1,
        null,
        1,
        10,
        6,
        6,
        6,
        null,
        1,
        2,
        null,
        null,
        1,
        1,
        2,
        null,
        1,
        2,
        null,
        1,
        2,
        null,
        5,
        5,
        5,
        2,
        null,
        null,
        null,
        1,
        1,
        1,
        1,
        null,
        null,
        null,
        1,
        1,
        1,
        1,
        2,
        null,
        null,
        null,
        1,
        1,
        1,
        1,
        null,
        null,
        null,
        1,
        1,
        1,
        1,
        null,
        null,
        null,
        null
      ],
      "/home/andela/Documents/workspace/simulation/projects/matflights/app/models/booking.rb": [
        1,
        1,
        4,
        1,
        null,
        1,
        1,
        1,
        null,
        1,
        3,
        null,
        null,
        1,
        1,
        null,
        null,
        1,
        2,
        null,
        null,
        1,
        4,
        4,
        null,
        null,
        null
      ],
      "/home/andela/Documents/workspace/simulation/projects/matflights/spec/models/flight_spec.rb": [
        1,
        null,
        1,
        10,
        7,
        8,
        10,
        null,
        1,
        2,
        null,
        null,
        1,
        2,
        2,
        null,
        null,
        1,
        1,
        1,
        1,
        null,
        null,
        null,
        1,
        1,
        1,
        1,
        null,
        null,
        null,
        1,
        1,
        1,
        1,
        null,
        null,
        null,
        1,
        2,
        2,
        1,
        1,
        null,
        null,
        null,
        1,
        1,
        1,
        null,
        null,
        null,
        1,
        1,
        1,
        1,
        null,
        null,
        null,
        1,
        2,
        2,
        1,
        1,
        1,
        null,
        null,
        null,
        null
      ],
      "/home/andela/Documents/workspace/simulation/projects/matflights/spec/models/passenger_spec.rb": [
        1,
        null,
        1,
        null,
        null
      ],
      "/home/andela/Documents/workspace/simulation/projects/matflights/app/models/passenger.rb": [
        1,
        1,
        1,
        null,
        1,
        1,
        null,
        1,
        1,
        1,
        1,
        1,
        1,
        1,
        null,
        null,
        null,
        null
      ],
      "/home/andela/Documents/workspace/simulation/projects/matflights/spec/models/user_spec.rb": [
        1,
        null,
        1,
        3,
        3,
        3,
        4,
        4,
        null,
        1,
        2,
        null,
        null,
        1,
        2,
        2,
        null,
        null,
        1,
        2,
        1,
        1,
        null,
        null,
        null,
        null
      ],
      "/home/andela/Documents/workspace/simulation/projects/matflights/app/models/user.rb": [
        1,
        null,
        1,
        1,
        null,
        1,
        2,
        2,
        2,
        2,
        2,
        null,
        null,
        null,
        null
      ],
      "/home/andela/Documents/workspace/simulation/projects/matflights/spec/routing/routes_spec.rb": [
        1,
        null,
        1,
        1,
        1,
        null,
        null,
        1,
        1,
        null,
        null,
        null,
        null,
        null,
        1,
        1,
        null,
        null,
        null,
        null,
        null,
        null,
        1,
        1,
        null,
        null,
        1,
        1,
        null,
        null,
        1,
        1,
        null,
        null,
        1,
        1,
        null,
        null,
        1,
        1,
        null,
        null,
        null
      ],
      "/home/andela/Documents/workspace/simulation/projects/matflights/spec/views/bookings/create.html.erb_spec.rb": [
        1,
        null,
        1,
        null,
        null
      ],
      "/home/andela/Documents/workspace/simulation/projects/matflights/spec/views/bookings/destroy.html.erb_spec.rb": [
        1,
        null,
        1,
        null,
        null
      ],
      "/home/andela/Documents/workspace/simulation/projects/matflights/spec/views/bookings/edit.html.erb_spec.rb": [
        1,
        null,
        1,
        null,
        null
      ],
      "/home/andela/Documents/workspace/simulation/projects/matflights/spec/views/bookings/new.html.erb_spec.rb": [
        1,
        null,
        1,
        null,
        null
      ],
      "/home/andela/Documents/workspace/simulation/projects/matflights/spec/views/bookings/show.html.erb_spec.rb": [
        1,
        null,
        1,
        null,
        null
      ],
      "/home/andela/Documents/workspace/simulation/projects/matflights/spec/views/bookings/update.html.erb_spec.rb": [
        1,
        null,
        1,
        null,
        null
      ],
      "/home/andela/Documents/workspace/simulation/projects/matflights/app/presenters/booking_presenter.rb": [
        1,
        null,
        1,
        null,
        1,
        2,
        null,
        null,
        null,
        null,
        null,
        null,
        null,
        2,
        null,
        null,
        null
      ],
      "/home/andela/Documents/workspace/simulation/projects/matflights/app/workers/postman_worker.rb": [
        1,
        1,
        null,
        1,
        1,
        1,
        null,
        null,
        1,
        1,
        1,
        null,
        null,
        null
      ]
    },
    "timestamp": 1446606911
  }
}
